<?xml version="1.0" encoding="UTF-8"?>
<!-- Generated by org.testng.reporters.JUnitXMLReporter -->
<testsuite ignored="1" hostname="phaet.local" failures="0" tests="1" name="TDDFramework" time="0.101" errors="0" timestamp="2023-07-07T20:19:33 KRAT">
  <testcase classname="qa.Base" name="@BeforeTest setUp" time="-1.688735972928E9">
    <failure type="org.testng.TestNGException" message="
Parameter &amp;apos;platformName&amp;apos; is required by BeforeTest on method setUp but has not been marked @Optional or defined
in /Users/phaet/Library/Caches/JetBrains/IdeaIC2023.1/temp-testng-customsuite.xml">
      <![CDATA[org.testng.TestNGException: 
Parameter 'platformName' is required by BeforeTest on method setUp but has not been marked @Optional or defined
in /Users/phaet/Library/Caches/JetBrains/IdeaIC2023.1/temp-testng-customsuite.xml
at com.intellij.rt.testng.IDEARemoteTestNG.run(IDEARemoteTestNG.java:66)
at com.intellij.rt.testng.RemoteTestNGStarter.main(RemoteTestNGStarter.java:105)
... Removed 18 stack frames]]>
    </failure>
  </testcase> <!-- @BeforeTest setUp -->
  <testcase classname="tests.ProductTests" name="@BeforeClass beforeClass" time="0.0">
    <skipped/>
  </testcase> <!-- @BeforeClass beforeClass -->
  <testcase classname="tests.ProductTests" name="@BeforeMethod beforeMethod" time="0.0">
    <skipped/>
  </testcase> <!-- @BeforeMethod beforeMethod -->
  <testcase classname="tests.ProductTests" name="@AfterMethod afterMethod" time="0.0">
    <skipped/>
  </testcase> <!-- @AfterMethod afterMethod -->
  <testcase classname="tests.ProductTests" name="@AfterClass afterClass" time="0.0">
    <skipped/>
  </testcase> <!-- @AfterClass afterClass -->
  <testcase classname="qa.Base" name="@AfterTest tearDown" time="0.0">
    <skipped/>
  </testcase> <!-- @AfterTest tearDown -->
  <testcase classname="tests.ProductTests" name="validateProductItemDetails" time="0.0">
    <skipped/>
  </testcase> <!-- validateProductItemDetails -->
  <testcase classname="tests.ProductTests" name="validateProductItem" time="0.0">
    <ignored/>
  </testcase> <!-- validateProductItem -->
</testsuite> <!-- TDDFramework -->
