<?xml version="1.0" encoding="UTF-8"?>
<!-- Generated by org.testng.reporters.JUnitXMLReporter -->
<testsuite ignored="0" hostname="phaet.local" failures="0" tests="3" name="LoginTests" time="16.995" errors="0" timestamp="2023-06-27T01:25:19 KRAT">
  <testcase classname="tests.LoginTests" name="invalidPassword" time="3.952"/>
  <testcase classname="tests.LoginTests" name="invalidUsername" time="3.838"/>
  <testcase classname="tests.LoginTests" name="successfulLogin" time="4.723"/>
</testsuite> <!-- LoginTests -->
