<?xml version="1.0" encoding="UTF-8"?>
<!-- Generated by org.testng.reporters.JUnitXMLReporter -->
<testsuite ignored="0" hostname="phaet.local" failures="0" tests="3" name="Login" time="16.186" errors="0" timestamp="2023-06-27T00:59:21 KRAT">
  <testcase classname="tests.LoginTests" name="invalidPassword" time="3.884"/>
  <testcase classname="tests.LoginTests" name="invalidUsername" time="3.376"/>
  <testcase classname="tests.LoginTests" name="successfulLogin" time="4.336"/>
</testsuite> <!-- Login -->
